<?xml version="1.0" encoding="UTF-8"?>
<!-- Generated by org.testng.reporters.JUnitReportReporter -->
<testsuite skipped="0" hostname="DESKTOP-8FGI71S" name="webapp_addressbook.addressbook" tests="1" failures="0" timestamp="14 Oct 2018 16:08:17 GMT" time="1.967" errors="0">
  <testcase name="Addressbook" time="1.967" classname="webapp_addressbook.addressbook"/>
</testsuite> <!-- webapp_addressbook.addressbook -->
